G:\CPP.WORKSPACE\SANDBOX\LIBOPTIPNG\OPTIPNG-0.6.5\PRJ\VISUALC6\OBJ\ZLIB\RELEASE\ADLER32.OBJ
G:\cpp.workspace\sandbox\liboptipng\optipng-0.6.5\prj\visualc6\obj\zlib\Release\cl.command.1.tlog
G:\cpp.workspace\sandbox\liboptipng\optipng-0.6.5\prj\visualc6\obj\zlib\Release\CL.read.1.tlog
G:\cpp.workspace\sandbox\liboptipng\optipng-0.6.5\prj\visualc6\obj\zlib\Release\CL.write.1.tlog
G:\CPP.WORKSPACE\SANDBOX\LIBOPTIPNG\OPTIPNG-0.6.5\PRJ\VISUALC6\OBJ\ZLIB\RELEASE\COMPRESS.OBJ
G:\CPP.WORKSPACE\SANDBOX\LIBOPTIPNG\OPTIPNG-0.6.5\PRJ\VISUALC6\OBJ\ZLIB\RELEASE\CRC32.OBJ
G:\cpp.workspace\sandbox\liboptipng\optipng-0.6.5\prj\visualc6\obj\zlib\Release\custombuild.command.1.tlog
G:\cpp.workspace\sandbox\liboptipng\optipng-0.6.5\prj\visualc6\obj\zlib\Release\custombuild.read.1.tlog
G:\cpp.workspace\sandbox\liboptipng\optipng-0.6.5\prj\visualc6\obj\zlib\Release\custombuild.write.1.tlog
G:\CPP.WORKSPACE\SANDBOX\LIBOPTIPNG\OPTIPNG-0.6.5\PRJ\VISUALC6\OBJ\ZLIB\RELEASE\DEFLATE.OBJ
G:\CPP.WORKSPACE\SANDBOX\LIBOPTIPNG\OPTIPNG-0.6.5\PRJ\VISUALC6\OBJ\ZLIB\RELEASE\GZCLOSE.OBJ
G:\CPP.WORKSPACE\SANDBOX\LIBOPTIPNG\OPTIPNG-0.6.5\PRJ\VISUALC6\OBJ\ZLIB\RELEASE\GZLIB.OBJ
G:\CPP.WORKSPACE\SANDBOX\LIBOPTIPNG\OPTIPNG-0.6.5\PRJ\VISUALC6\OBJ\ZLIB\RELEASE\GZREAD.OBJ
G:\CPP.WORKSPACE\SANDBOX\LIBOPTIPNG\OPTIPNG-0.6.5\PRJ\VISUALC6\OBJ\ZLIB\RELEASE\GZWRITE.OBJ
G:\CPP.WORKSPACE\SANDBOX\LIBOPTIPNG\OPTIPNG-0.6.5\PRJ\VISUALC6\OBJ\ZLIB\RELEASE\INFBACK.OBJ
G:\CPP.WORKSPACE\SANDBOX\LIBOPTIPNG\OPTIPNG-0.6.5\PRJ\VISUALC6\OBJ\ZLIB\RELEASE\INFFAS32.OBJ
G:\CPP.WORKSPACE\SANDBOX\LIBOPTIPNG\OPTIPNG-0.6.5\PRJ\VISUALC6\OBJ\ZLIB\RELEASE\INFFAST.OBJ
G:\CPP.WORKSPACE\SANDBOX\LIBOPTIPNG\OPTIPNG-0.6.5\PRJ\VISUALC6\OBJ\ZLIB\RELEASE\INFLATE.OBJ
G:\CPP.WORKSPACE\SANDBOX\LIBOPTIPNG\OPTIPNG-0.6.5\PRJ\VISUALC6\OBJ\ZLIB\RELEASE\INFTREES.OBJ
G:\cpp.workspace\sandbox\liboptipng\optipng-0.6.5\prj\visualc6\obj\zlib\Release\lib.command.1.tlog
G:\cpp.workspace\sandbox\liboptipng\optipng-0.6.5\prj\visualc6\obj\zlib\Release\Lib-link.read.1.tlog
G:\cpp.workspace\sandbox\liboptipng\optipng-0.6.5\prj\visualc6\obj\zlib\Release\Lib-link.write.1.tlog
G:\CPP.WORKSPACE\SANDBOX\LIBOPTIPNG\OPTIPNG-0.6.5\PRJ\VISUALC6\OBJ\ZLIB\RELEASE\MATCH686.OBJ
G:\CPP.WORKSPACE\SANDBOX\LIBOPTIPNG\OPTIPNG-0.6.5\PRJ\VISUALC6\OBJ\ZLIB\RELEASE\TREES.OBJ
G:\CPP.WORKSPACE\SANDBOX\LIBOPTIPNG\OPTIPNG-0.6.5\PRJ\VISUALC6\OBJ\ZLIB\RELEASE\UNCOMPR.OBJ
G:\cpp.workspace\sandbox\liboptipng\optipng-0.6.5\prj\visualc6\obj\zlib\Release\zlib.write.1.tlog
G:\CPP.WORKSPACE\SANDBOX\LIBOPTIPNG\OPTIPNG-0.6.5\PRJ\VISUALC6\OBJ\ZLIB\RELEASE\ZUTIL.OBJ
G:\CPP.WORKSPACE\SANDBOX\LIBOPTIPNG\OPTIPNG-0.6.5\PRJ\VISUALC6\RELEASE\ZLIB.LIB
G:\CPP.WORKSPACE\SANDBOX\LIBOPTIPNG\OPTIPNG-0.6.5\PRJ\VISUALC6\RELEASE\ZLIB.PDB
