G:\CPP.WORKSPACE\SANDBOX\LIBOPTIPNG\OPTIPNG-0.6.5\BIN\RELEASE\OPTIPNG.PYD
G:\cpp.workspace\sandbox\liboptipng\optipng-0.6.5\prj\visualc6\..\..\bin\Release\optipng.pyd
G:\CPP.WORKSPACE\SANDBOX\LIBOPTIPNG\OPTIPNG-0.6.5\PRJ\VISUALC6\OBJ\PYOPTIPNG\RELEASE\CBITSET.OBJ
G:\cpp.workspace\sandbox\liboptipng\optipng-0.6.5\prj\visualc6\obj\pyoptipng\Release\cl.command.1.tlog
G:\cpp.workspace\sandbox\liboptipng\optipng-0.6.5\prj\visualc6\obj\pyoptipng\Release\CL.read.1.tlog
G:\cpp.workspace\sandbox\liboptipng\optipng-0.6.5\prj\visualc6\obj\pyoptipng\Release\CL.write.1.tlog
G:\cpp.workspace\sandbox\liboptipng\optipng-0.6.5\prj\visualc6\obj\pyoptipng\Release\link.command.1.tlog
G:\cpp.workspace\sandbox\liboptipng\optipng-0.6.5\prj\visualc6\obj\pyoptipng\Release\link.read.1.tlog
G:\cpp.workspace\sandbox\liboptipng\optipng-0.6.5\prj\visualc6\obj\pyoptipng\Release\link.write.1.tlog
G:\CPP.WORKSPACE\SANDBOX\LIBOPTIPNG\OPTIPNG-0.6.5\PRJ\VISUALC6\OBJ\PYOPTIPNG\RELEASE\MEMLEAKS.OBJ
G:\cpp.workspace\sandbox\liboptipng\optipng-0.6.5\prj\visualc6\obj\pyoptipng\Release\mt.command.1.tlog
G:\cpp.workspace\sandbox\liboptipng\optipng-0.6.5\prj\visualc6\obj\pyoptipng\Release\mt.read.1.tlog
G:\cpp.workspace\sandbox\liboptipng\optipng-0.6.5\prj\visualc6\obj\pyoptipng\Release\mt.write.1.tlog
G:\CPP.WORKSPACE\SANDBOX\LIBOPTIPNG\OPTIPNG-0.6.5\PRJ\VISUALC6\OBJ\PYOPTIPNG\RELEASE\OPNGOPTIM.OBJ
G:\CPP.WORKSPACE\SANDBOX\LIBOPTIPNG\OPTIPNG-0.6.5\PRJ\VISUALC6\OBJ\PYOPTIPNG\RELEASE\OPNGREDUC.OBJ
G:\CPP.WORKSPACE\SANDBOX\LIBOPTIPNG\OPTIPNG-0.6.5\PRJ\VISUALC6\OBJ\PYOPTIPNG\RELEASE\OPTIPNG.OBJ
G:\CPP.WORKSPACE\SANDBOX\LIBOPTIPNG\OPTIPNG-0.6.5\PRJ\VISUALC6\OBJ\PYOPTIPNG\RELEASE\OPTIPNG.PYD.INTERMEDIATE.MANIFEST
G:\CPP.WORKSPACE\SANDBOX\LIBOPTIPNG\OPTIPNG-0.6.5\PRJ\VISUALC6\OBJ\PYOPTIPNG\RELEASE\OPTIPNGMODULE.OBJ
G:\CPP.WORKSPACE\SANDBOX\LIBOPTIPNG\OPTIPNG-0.6.5\PRJ\VISUALC6\OBJ\PYOPTIPNG\RELEASE\OSYS.OBJ
G:\cpp.workspace\sandbox\liboptipng\optipng-0.6.5\prj\visualc6\obj\pyoptipng\Release\pyoptipng.write.1.tlog
G:\CPP.WORKSPACE\SANDBOX\LIBOPTIPNG\OPTIPNG-0.6.5\PRJ\VISUALC6\OBJ\PYOPTIPNG\RELEASE\WILDARGS.OBJ
G:\cpp.workspace\sandbox\liboptipng\optipng-0.6.5\prj\visualc6\Release\pyoptipng.exp
G:\cpp.workspace\sandbox\liboptipng\optipng-0.6.5\prj\visualc6\Release\pyoptipng.lib
