G:\CPP.WORKSPACE\SANDBOX\LIBOPTIPNG\OPTIPNG-0.6.5\BIN\RELEASE\OPTIPNG.EXE
G:\cpp.workspace\sandbox\liboptipng\optipng-0.6.5\prj\visualc6\..\..\bin\Release\optipng.exe
G:\CPP.WORKSPACE\SANDBOX\LIBOPTIPNG\OPTIPNG-0.6.5\PRJ\VISUALC6\OBJ\OPTIPNG\RELEASE\CBITSET.OBJ
G:\cpp.workspace\sandbox\liboptipng\optipng-0.6.5\prj\visualc6\obj\optipng\Release\cl.command.1.tlog
G:\cpp.workspace\sandbox\liboptipng\optipng-0.6.5\prj\visualc6\obj\optipng\Release\CL.read.1.tlog
G:\cpp.workspace\sandbox\liboptipng\optipng-0.6.5\prj\visualc6\obj\optipng\Release\CL.write.1.tlog
G:\cpp.workspace\sandbox\liboptipng\optipng-0.6.5\prj\visualc6\obj\optipng\Release\link.command.1.tlog
G:\cpp.workspace\sandbox\liboptipng\optipng-0.6.5\prj\visualc6\obj\optipng\Release\link.read.1.tlog
G:\cpp.workspace\sandbox\liboptipng\optipng-0.6.5\prj\visualc6\obj\optipng\Release\link.write.1.tlog
G:\CPP.WORKSPACE\SANDBOX\LIBOPTIPNG\OPTIPNG-0.6.5\PRJ\VISUALC6\OBJ\OPTIPNG\RELEASE\MEMLEAKS.OBJ
G:\cpp.workspace\sandbox\liboptipng\optipng-0.6.5\prj\visualc6\obj\optipng\Release\mt.command.1.tlog
G:\cpp.workspace\sandbox\liboptipng\optipng-0.6.5\prj\visualc6\obj\optipng\Release\mt.read.1.tlog
G:\cpp.workspace\sandbox\liboptipng\optipng-0.6.5\prj\visualc6\obj\optipng\Release\mt.write.1.tlog
G:\CPP.WORKSPACE\SANDBOX\LIBOPTIPNG\OPTIPNG-0.6.5\PRJ\VISUALC6\OBJ\OPTIPNG\RELEASE\OPNGOPTIM.OBJ
G:\CPP.WORKSPACE\SANDBOX\LIBOPTIPNG\OPTIPNG-0.6.5\PRJ\VISUALC6\OBJ\OPTIPNG\RELEASE\OPNGREDUC.OBJ
G:\CPP.WORKSPACE\SANDBOX\LIBOPTIPNG\OPTIPNG-0.6.5\PRJ\VISUALC6\OBJ\OPTIPNG\RELEASE\OPTIPNG.EXE.INTERMEDIATE.MANIFEST
G:\CPP.WORKSPACE\SANDBOX\LIBOPTIPNG\OPTIPNG-0.6.5\PRJ\VISUALC6\OBJ\OPTIPNG\RELEASE\OPTIPNG.OBJ
G:\cpp.workspace\sandbox\liboptipng\optipng-0.6.5\prj\visualc6\obj\optipng\Release\optipng.write.1.tlog
G:\CPP.WORKSPACE\SANDBOX\LIBOPTIPNG\OPTIPNG-0.6.5\PRJ\VISUALC6\OBJ\OPTIPNG\RELEASE\OSYS.OBJ
G:\CPP.WORKSPACE\SANDBOX\LIBOPTIPNG\OPTIPNG-0.6.5\PRJ\VISUALC6\OBJ\OPTIPNG\RELEASE\WILDARGS.OBJ
