G:\cpp.workspace\sandbox\liboptipng\optipng-0.6.5\prj\visualc6\obj\libpng\Release\cl.command.1.tlog
G:\cpp.workspace\sandbox\liboptipng\optipng-0.6.5\prj\visualc6\obj\libpng\Release\CL.read.1.tlog
G:\cpp.workspace\sandbox\liboptipng\optipng-0.6.5\prj\visualc6\obj\libpng\Release\CL.write.1.tlog
G:\cpp.workspace\sandbox\liboptipng\optipng-0.6.5\prj\visualc6\obj\libpng\Release\lib.command.1.tlog
G:\cpp.workspace\sandbox\liboptipng\optipng-0.6.5\prj\visualc6\obj\libpng\Release\Lib-link.read.1.tlog
G:\cpp.workspace\sandbox\liboptipng\optipng-0.6.5\prj\visualc6\obj\libpng\Release\Lib-link.write.1.tlog
G:\cpp.workspace\sandbox\liboptipng\optipng-0.6.5\prj\visualc6\obj\libpng\Release\libpng.write.1.tlog
G:\CPP.WORKSPACE\SANDBOX\LIBOPTIPNG\OPTIPNG-0.6.5\PRJ\VISUALC6\OBJ\LIBPNG\RELEASE\PNG.OBJ
G:\CPP.WORKSPACE\SANDBOX\LIBOPTIPNG\OPTIPNG-0.6.5\PRJ\VISUALC6\OBJ\LIBPNG\RELEASE\PNGERROR.OBJ
G:\CPP.WORKSPACE\SANDBOX\LIBOPTIPNG\OPTIPNG-0.6.5\PRJ\VISUALC6\OBJ\LIBPNG\RELEASE\PNGGET.OBJ
G:\CPP.WORKSPACE\SANDBOX\LIBOPTIPNG\OPTIPNG-0.6.5\PRJ\VISUALC6\OBJ\LIBPNG\RELEASE\PNGMEM.OBJ
G:\CPP.WORKSPACE\SANDBOX\LIBOPTIPNG\OPTIPNG-0.6.5\PRJ\VISUALC6\OBJ\LIBPNG\RELEASE\PNGPREAD.OBJ
G:\CPP.WORKSPACE\SANDBOX\LIBOPTIPNG\OPTIPNG-0.6.5\PRJ\VISUALC6\OBJ\LIBPNG\RELEASE\PNGREAD.OBJ
G:\CPP.WORKSPACE\SANDBOX\LIBOPTIPNG\OPTIPNG-0.6.5\PRJ\VISUALC6\OBJ\LIBPNG\RELEASE\PNGRIO.OBJ
G:\CPP.WORKSPACE\SANDBOX\LIBOPTIPNG\OPTIPNG-0.6.5\PRJ\VISUALC6\OBJ\LIBPNG\RELEASE\PNGRTRAN.OBJ
G:\CPP.WORKSPACE\SANDBOX\LIBOPTIPNG\OPTIPNG-0.6.5\PRJ\VISUALC6\OBJ\LIBPNG\RELEASE\PNGRUTIL.OBJ
G:\CPP.WORKSPACE\SANDBOX\LIBOPTIPNG\OPTIPNG-0.6.5\PRJ\VISUALC6\OBJ\LIBPNG\RELEASE\PNGSET.OBJ
G:\CPP.WORKSPACE\SANDBOX\LIBOPTIPNG\OPTIPNG-0.6.5\PRJ\VISUALC6\OBJ\LIBPNG\RELEASE\PNGTRANS.OBJ
G:\CPP.WORKSPACE\SANDBOX\LIBOPTIPNG\OPTIPNG-0.6.5\PRJ\VISUALC6\OBJ\LIBPNG\RELEASE\PNGWIO.OBJ
G:\CPP.WORKSPACE\SANDBOX\LIBOPTIPNG\OPTIPNG-0.6.5\PRJ\VISUALC6\OBJ\LIBPNG\RELEASE\PNGWRITE.OBJ
G:\CPP.WORKSPACE\SANDBOX\LIBOPTIPNG\OPTIPNG-0.6.5\PRJ\VISUALC6\OBJ\LIBPNG\RELEASE\PNGWTRAN.OBJ
G:\CPP.WORKSPACE\SANDBOX\LIBOPTIPNG\OPTIPNG-0.6.5\PRJ\VISUALC6\OBJ\LIBPNG\RELEASE\PNGWUTIL.OBJ
G:\CPP.WORKSPACE\SANDBOX\LIBOPTIPNG\OPTIPNG-0.6.5\PRJ\VISUALC6\RELEASE\LIBPNG.LIB
