G:\cpp.workspace\sandbox\liboptipng\optipng-0.6.5\prj\visualc6\obj\pngxtern\Release\cl.command.1.tlog
G:\cpp.workspace\sandbox\liboptipng\optipng-0.6.5\prj\visualc6\obj\pngxtern\Release\CL.read.1.tlog
G:\cpp.workspace\sandbox\liboptipng\optipng-0.6.5\prj\visualc6\obj\pngxtern\Release\CL.write.1.tlog
G:\CPP.WORKSPACE\SANDBOX\LIBOPTIPNG\OPTIPNG-0.6.5\PRJ\VISUALC6\OBJ\PNGXTERN\RELEASE\GIFREAD.OBJ
G:\cpp.workspace\sandbox\liboptipng\optipng-0.6.5\prj\visualc6\obj\pngxtern\Release\lib.command.1.tlog
G:\cpp.workspace\sandbox\liboptipng\optipng-0.6.5\prj\visualc6\obj\pngxtern\Release\Lib-link.read.1.tlog
G:\cpp.workspace\sandbox\liboptipng\optipng-0.6.5\prj\visualc6\obj\pngxtern\Release\Lib-link.write.1.tlog
G:\CPP.WORKSPACE\SANDBOX\LIBOPTIPNG\OPTIPNG-0.6.5\PRJ\VISUALC6\OBJ\PNGXTERN\RELEASE\MINITIFF.OBJ
G:\CPP.WORKSPACE\SANDBOX\LIBOPTIPNG\OPTIPNG-0.6.5\PRJ\VISUALC6\OBJ\PNGXTERN\RELEASE\PNGXIO.OBJ
G:\CPP.WORKSPACE\SANDBOX\LIBOPTIPNG\OPTIPNG-0.6.5\PRJ\VISUALC6\OBJ\PNGXTERN\RELEASE\PNGXMEM.OBJ
G:\CPP.WORKSPACE\SANDBOX\LIBOPTIPNG\OPTIPNG-0.6.5\PRJ\VISUALC6\OBJ\PNGXTERN\RELEASE\PNGXRBMP.OBJ
G:\CPP.WORKSPACE\SANDBOX\LIBOPTIPNG\OPTIPNG-0.6.5\PRJ\VISUALC6\OBJ\PNGXTERN\RELEASE\PNGXREAD.OBJ
G:\CPP.WORKSPACE\SANDBOX\LIBOPTIPNG\OPTIPNG-0.6.5\PRJ\VISUALC6\OBJ\PNGXTERN\RELEASE\PNGXRGIF.OBJ
G:\CPP.WORKSPACE\SANDBOX\LIBOPTIPNG\OPTIPNG-0.6.5\PRJ\VISUALC6\OBJ\PNGXTERN\RELEASE\PNGXRJPG.OBJ
G:\CPP.WORKSPACE\SANDBOX\LIBOPTIPNG\OPTIPNG-0.6.5\PRJ\VISUALC6\OBJ\PNGXTERN\RELEASE\PNGXRPNM.OBJ
G:\CPP.WORKSPACE\SANDBOX\LIBOPTIPNG\OPTIPNG-0.6.5\PRJ\VISUALC6\OBJ\PNGXTERN\RELEASE\PNGXRTIF.OBJ
G:\CPP.WORKSPACE\SANDBOX\LIBOPTIPNG\OPTIPNG-0.6.5\PRJ\VISUALC6\OBJ\PNGXTERN\RELEASE\PNGXSET.OBJ
G:\cpp.workspace\sandbox\liboptipng\optipng-0.6.5\prj\visualc6\obj\pngxtern\Release\pngxtern.write.1.tlog
G:\CPP.WORKSPACE\SANDBOX\LIBOPTIPNG\OPTIPNG-0.6.5\PRJ\VISUALC6\OBJ\PNGXTERN\RELEASE\PNGXWRITE.OBJ
G:\CPP.WORKSPACE\SANDBOX\LIBOPTIPNG\OPTIPNG-0.6.5\PRJ\VISUALC6\OBJ\PNGXTERN\RELEASE\PNMIN.OBJ
G:\CPP.WORKSPACE\SANDBOX\LIBOPTIPNG\OPTIPNG-0.6.5\PRJ\VISUALC6\OBJ\PNGXTERN\RELEASE\PNMOUT.OBJ
G:\CPP.WORKSPACE\SANDBOX\LIBOPTIPNG\OPTIPNG-0.6.5\PRJ\VISUALC6\OBJ\PNGXTERN\RELEASE\PNMUTIL.OBJ
G:\CPP.WORKSPACE\SANDBOX\LIBOPTIPNG\OPTIPNG-0.6.5\PRJ\VISUALC6\OBJ\PNGXTERN\RELEASE\TIFFREAD.OBJ
G:\CPP.WORKSPACE\SANDBOX\LIBOPTIPNG\OPTIPNG-0.6.5\PRJ\VISUALC6\OBJ\PNGXTERN\RELEASE\TIFFWRITE.OBJ
G:\CPP.WORKSPACE\SANDBOX\LIBOPTIPNG\OPTIPNG-0.6.5\PRJ\VISUALC6\RELEASE\PNGXTERN.LIB
